{"/Users/juanrosales/Documents/software-design/api/controllers/FuelController.js": {"path":"/Users/juanrosales/Documents/software-design/api/controllers/FuelController.js","statementMap":{"0":{"start":{"line":1,"column":18},"end":{"line":1,"column":45}},"1":{"start":{"line":4,"column":18},"end":{"line":4,"column":20}},"2":{"start":{"line":6,"column":2},"end":{"line":10,"column":3}},"3":{"start":{"line":7,"column":4},"end":{"line":7,"column":50}},"4":{"start":{"line":8,"column":9},"end":{"line":10,"column":3}},"5":{"start":{"line":9,"column":4},"end":{"line":9,"column":66}},"6":{"start":{"line":12,"column":2},"end":{"line":14,"column":3}},"7":{"start":{"line":13,"column":4},"end":{"line":13,"column":50}},"8":{"start":{"line":16,"column":2},"end":{"line":24,"column":3}},"9":{"start":{"line":17,"column":4},"end":{"line":17,"column":44}},"10":{"start":{"line":19,"column":24},"end":{"line":19,"column":34}},"11":{"start":{"line":20,"column":24},"end":{"line":20,"column":43}},"12":{"start":{"line":21,"column":4},"end":{"line":23,"column":5}},"13":{"start":{"line":22,"column":6},"end":{"line":22,"column":58}},"14":{"start":{"line":26,"column":2},"end":{"line":30,"column":3}},"15":{"start":{"line":27,"column":4},"end":{"line":27,"column":46}},"16":{"start":{"line":28,"column":9},"end":{"line":30,"column":3}},"17":{"start":{"line":29,"column":4},"end":{"line":29,"column":62}},"18":{"start":{"line":33,"column":2},"end":{"line":33,"column":17}},"19":{"start":{"line":37,"column":27},"end":{"line":52,"column":1}},"20":{"start":{"line":39,"column":17},"end":{"line":39,"column":21}},"21":{"start":{"line":41,"column":4},"end":{"line":49,"column":5}},"22":{"start":{"line":43,"column":22},"end":{"line":43,"column":39}},"23":{"start":{"line":45,"column":8},"end":{"line":47,"column":9}},"24":{"start":{"line":46,"column":12},"end":{"line":46,"column":27}},"25":{"start":{"line":51,"column":4},"end":{"line":51,"column":17}},"26":{"start":{"line":54,"column":0},"end":{"line":57,"column":1}}},"fnMap":{"0":{"name":"validateFields","decl":{"start":{"line":3,"column":9},"end":{"line":3,"column":23}},"loc":{"start":{"line":3,"column":30},"end":{"line":34,"column":1}},"line":3},"1":{"name":"(anonymous_1)","decl":{"start":{"line":37,"column":27},"end":{"line":37,"column":28}},"loc":{"start":{"line":37,"column":45},"end":{"line":52,"column":1}},"line":37}},"branchMap":{"0":{"loc":{"start":{"line":6,"column":2},"end":{"line":10,"column":3}},"type":"if","locations":[{"start":{"line":6,"column":2},"end":{"line":10,"column":3}},{"start":{"line":8,"column":9},"end":{"line":10,"column":3}}],"line":6},"1":{"loc":{"start":{"line":8,"column":9},"end":{"line":10,"column":3}},"type":"if","locations":[{"start":{"line":8,"column":9},"end":{"line":10,"column":3}},{"start":{},"end":{}}],"line":8},"2":{"loc":{"start":{"line":8,"column":13},"end":{"line":8,"column":53}},"type":"binary-expr","locations":[{"start":{"line":8,"column":13},"end":{"line":8,"column":32}},{"start":{"line":8,"column":36},"end":{"line":8,"column":53}}],"line":8},"3":{"loc":{"start":{"line":12,"column":2},"end":{"line":14,"column":3}},"type":"if","locations":[{"start":{"line":12,"column":2},"end":{"line":14,"column":3}},{"start":{},"end":{}}],"line":12},"4":{"loc":{"start":{"line":16,"column":2},"end":{"line":24,"column":3}},"type":"if","locations":[{"start":{"line":16,"column":2},"end":{"line":24,"column":3}},{"start":{"line":18,"column":9},"end":{"line":24,"column":3}}],"line":16},"5":{"loc":{"start":{"line":21,"column":4},"end":{"line":23,"column":5}},"type":"if","locations":[{"start":{"line":21,"column":4},"end":{"line":23,"column":5}},{"start":{},"end":{}}],"line":21},"6":{"loc":{"start":{"line":26,"column":2},"end":{"line":30,"column":3}},"type":"if","locations":[{"start":{"line":26,"column":2},"end":{"line":30,"column":3}},{"start":{"line":28,"column":9},"end":{"line":30,"column":3}}],"line":26},"7":{"loc":{"start":{"line":28,"column":9},"end":{"line":30,"column":3}},"type":"if","locations":[{"start":{"line":28,"column":9},"end":{"line":30,"column":3}},{"start":{},"end":{}}],"line":28},"8":{"loc":{"start":{"line":28,"column":13},"end":{"line":28,"column":49}},"type":"binary-expr","locations":[{"start":{"line":28,"column":13},"end":{"line":28,"column":30}},{"start":{"line":28,"column":34},"end":{"line":28,"column":49}}],"line":28},"9":{"loc":{"start":{"line":45,"column":8},"end":{"line":47,"column":9}},"type":"if","locations":[{"start":{"line":45,"column":8},"end":{"line":47,"column":9}},{"start":{},"end":{}}],"line":45}},"s":{"0":1,"1":0,"2":0,"3":0,"4":0,"5":0,"6":0,"7":0,"8":0,"9":0,"10":0,"11":0,"12":0,"13":0,"14":0,"15":0,"16":0,"17":0,"18":0,"19":1,"20":0,"21":0,"22":0,"23":0,"24":0,"25":0,"26":1},"f":{"0":0,"1":0},"b":{"0":[0,0],"1":[0,0],"2":[0,0],"3":[0,0],"4":[0,0],"5":[0,0],"6":[0,0],"7":[0,0],"8":[0,0],"9":[0,0]},"_coverageSchema":"1a1c01bbd47fc00a2c39e90264f33305004495a9","hash":"6c7cc9a1761ed4ef61dbabce8f8c4699bda2be8d"}
,"/Users/juanrosales/Documents/software-design/api/controllers/LoginController.js": {"path":"/Users/juanrosales/Documents/software-design/api/controllers/LoginController.js","statementMap":{"0":{"start":{"line":1,"column":18},"end":{"line":1,"column":45}},"1":{"start":{"line":5,"column":15},"end":{"line":5,"column":16}},"2":{"start":{"line":6,"column":4},"end":{"line":10,"column":5}},"3":{"start":{"line":6,"column":17},"end":{"line":6,"column":18}},"4":{"start":{"line":6,"column":26},"end":{"line":6,"column":36}},"5":{"start":{"line":7,"column":18},"end":{"line":7,"column":35}},"6":{"start":{"line":8,"column":8},"end":{"line":8,"column":40}},"7":{"start":{"line":9,"column":8},"end":{"line":9,"column":18}},"8":{"start":{"line":11,"column":4},"end":{"line":11,"column":16}},"9":{"start":{"line":18,"column":26},"end":{"line":33,"column":1}},"10":{"start":{"line":20,"column":17},"end":{"line":20,"column":35}},"11":{"start":{"line":22,"column":4},"end":{"line":22,"column":35}},"12":{"start":{"line":24,"column":4},"end":{"line":26,"column":5}},"13":{"start":{"line":25,"column":8},"end":{"line":25,"column":49}},"14":{"start":{"line":28,"column":4},"end":{"line":30,"column":5}},"15":{"start":{"line":29,"column":8},"end":{"line":29,"column":49}},"16":{"start":{"line":32,"column":4},"end":{"line":32,"column":16}},"17":{"start":{"line":35,"column":0},"end":{"line":38,"column":1}}},"fnMap":{"0":{"name":"hashCode","decl":{"start":{"line":4,"column":9},"end":{"line":4,"column":17}},"loc":{"start":{"line":4,"column":23},"end":{"line":12,"column":1}},"line":4},"1":{"name":"(anonymous_1)","decl":{"start":{"line":18,"column":26},"end":{"line":18,"column":27}},"loc":{"start":{"line":18,"column":56},"end":{"line":33,"column":1}},"line":18}},"branchMap":{"0":{"loc":{"start":{"line":24,"column":4},"end":{"line":26,"column":5}},"type":"if","locations":[{"start":{"line":24,"column":4},"end":{"line":26,"column":5}},{"start":{},"end":{}}],"line":24},"1":{"loc":{"start":{"line":28,"column":4},"end":{"line":30,"column":5}},"type":"if","locations":[{"start":{"line":28,"column":4},"end":{"line":30,"column":5}},{"start":{},"end":{}}],"line":28}},"s":{"0":1,"1":4,"2":4,"3":4,"4":4,"5":36,"6":36,"7":36,"8":4,"9":1,"10":2,"11":2,"12":2,"13":1,"14":1,"15":0,"16":1,"17":1},"f":{"0":4,"1":2},"b":{"0":[1,1],"1":[0,1]},"_coverageSchema":"1a1c01bbd47fc00a2c39e90264f33305004495a9","hash":"ba43fcd568e18fc9138fff1848601ce2dd67f762"}
,"/Users/juanrosales/Documents/software-design/api/controllers/PricingController.js": {"path":"/Users/juanrosales/Documents/software-design/api/controllers/PricingController.js","statementMap":{"0":{"start":{"line":3,"column":21},"end":{"line":3,"column":39}},"1":{"start":{"line":4,"column":29},"end":{"line":4,"column":56}},"2":{"start":{"line":8,"column":22},"end":{"line":8,"column":25}},"3":{"start":{"line":15,"column":16},"end":{"line":15,"column":20}},"4":{"start":{"line":19,"column":4},"end":{"line":24,"column":5}},"5":{"start":{"line":20,"column":8},"end":{"line":20,"column":27}},"6":{"start":{"line":23,"column":8},"end":{"line":23,"column":27}},"7":{"start":{"line":32,"column":4},"end":{"line":37,"column":5}},"8":{"start":{"line":33,"column":8},"end":{"line":33,"column":23}},"9":{"start":{"line":36,"column":8},"end":{"line":36,"column":26}},"10":{"start":{"line":43,"column":4},"end":{"line":48,"column":5}},"11":{"start":{"line":44,"column":8},"end":{"line":44,"column":28}},"12":{"start":{"line":47,"column":8},"end":{"line":47,"column":28}},"13":{"start":{"line":51,"column":23},"end":{"line":51,"column":27}},"14":{"start":{"line":53,"column":17},"end":{"line":53,"column":83}},"15":{"start":{"line":55,"column":22},"end":{"line":55,"column":40}},"16":{"start":{"line":57,"column":27},"end":{"line":57,"column":46}},"17":{"start":{"line":59,"column":4},"end":{"line":59,"column":26}},"18":{"start":{"line":63,"column":0},"end":{"line":65,"column":1}}},"fnMap":{"0":{"name":"priceCalculation","decl":{"start":{"line":6,"column":9},"end":{"line":6,"column":25}},"loc":{"start":{"line":6,"column":56},"end":{"line":61,"column":1}},"line":6}},"branchMap":{"0":{"loc":{"start":{"line":19,"column":4},"end":{"line":24,"column":5}},"type":"if","locations":[{"start":{"line":19,"column":4},"end":{"line":24,"column":5}},{"start":{"line":22,"column":9},"end":{"line":24,"column":5}}],"line":19},"1":{"loc":{"start":{"line":32,"column":4},"end":{"line":37,"column":5}},"type":"if","locations":[{"start":{"line":32,"column":4},"end":{"line":37,"column":5}},{"start":{"line":35,"column":8},"end":{"line":37,"column":5}}],"line":32},"2":{"loc":{"start":{"line":43,"column":4},"end":{"line":48,"column":5}},"type":"if","locations":[{"start":{"line":43,"column":4},"end":{"line":48,"column":5}},{"start":{"line":46,"column":8},"end":{"line":48,"column":5}}],"line":43}},"s":{"0":1,"1":1,"2":0,"3":0,"4":0,"5":0,"6":0,"7":0,"8":0,"9":0,"10":0,"11":0,"12":0,"13":0,"14":0,"15":0,"16":0,"17":0,"18":1},"f":{"0":0},"b":{"0":[0,0],"1":[0,0],"2":[0,0]},"_coverageSchema":"1a1c01bbd47fc00a2c39e90264f33305004495a9","hash":"0cd06cd19fdc877f2e0b312a474421f005e6612c"}
,"/Users/juanrosales/Documents/software-design/api/controllers/RegistrationController.js": {"path":"/Users/juanrosales/Documents/software-design/api/controllers/RegistrationController.js","statementMap":{"0":{"start":{"line":1,"column":34},"end":{"line":1,"column":61}},"1":{"start":{"line":5,"column":15},"end":{"line":5,"column":16}},"2":{"start":{"line":6,"column":4},"end":{"line":10,"column":5}},"3":{"start":{"line":6,"column":17},"end":{"line":6,"column":18}},"4":{"start":{"line":6,"column":26},"end":{"line":6,"column":36}},"5":{"start":{"line":7,"column":18},"end":{"line":7,"column":35}},"6":{"start":{"line":8,"column":8},"end":{"line":8,"column":40}},"7":{"start":{"line":9,"column":8},"end":{"line":9,"column":18}},"8":{"start":{"line":11,"column":4},"end":{"line":11,"column":16}},"9":{"start":{"line":14,"column":26},"end":{"line":33,"column":1}},"10":{"start":{"line":16,"column":4},"end":{"line":18,"column":5}},"11":{"start":{"line":17,"column":8},"end":{"line":17,"column":86}},"12":{"start":{"line":21,"column":4},"end":{"line":23,"column":5}},"13":{"start":{"line":22,"column":8},"end":{"line":22,"column":86}},"14":{"start":{"line":25,"column":17},"end":{"line":25,"column":35}},"15":{"start":{"line":26,"column":15},"end":{"line":26,"column":51}},"16":{"start":{"line":28,"column":4},"end":{"line":30,"column":5}},"17":{"start":{"line":29,"column":8},"end":{"line":29,"column":45}},"18":{"start":{"line":32,"column":4},"end":{"line":32,"column":16}},"19":{"start":{"line":35,"column":0},"end":{"line":38,"column":1}}},"fnMap":{"0":{"name":"hashCode","decl":{"start":{"line":4,"column":9},"end":{"line":4,"column":17}},"loc":{"start":{"line":4,"column":23},"end":{"line":12,"column":1}},"line":4},"1":{"name":"(anonymous_1)","decl":{"start":{"line":14,"column":26},"end":{"line":14,"column":27}},"loc":{"start":{"line":14,"column":56},"end":{"line":33,"column":1}},"line":14}},"branchMap":{"0":{"loc":{"start":{"line":16,"column":4},"end":{"line":18,"column":5}},"type":"if","locations":[{"start":{"line":16,"column":4},"end":{"line":18,"column":5}},{"start":{},"end":{}}],"line":16},"1":{"loc":{"start":{"line":21,"column":4},"end":{"line":23,"column":5}},"type":"if","locations":[{"start":{"line":21,"column":4},"end":{"line":23,"column":5}},{"start":{},"end":{}}],"line":21},"2":{"loc":{"start":{"line":28,"column":4},"end":{"line":30,"column":5}},"type":"if","locations":[{"start":{"line":28,"column":4},"end":{"line":30,"column":5}},{"start":{},"end":{}}],"line":28}},"s":{"0":1,"1":3,"2":3,"3":3,"4":3,"5":33,"6":33,"7":33,"8":3,"9":1,"10":1,"11":0,"12":1,"13":0,"14":1,"15":1,"16":1,"17":0,"18":1,"19":1},"f":{"0":3,"1":1},"b":{"0":[0,1],"1":[0,1],"2":[0,1]},"_coverageSchema":"1a1c01bbd47fc00a2c39e90264f33305004495a9","hash":"0e937e3023d079c53da958c4c9103ecb5f51f836"}
,"/Users/juanrosales/Documents/software-design/api/controllers/UserController.js": {"path":"/Users/juanrosales/Documents/software-design/api/controllers/UserController.js","statementMap":{"0":{"start":{"line":6,"column":4},"end":{"line":6,"column":31}},"1":{"start":{"line":9,"column":20},"end":{"line":20,"column":1}},"2":{"start":{"line":11,"column":4},"end":{"line":11,"column":29}},"3":{"start":{"line":13,"column":4},"end":{"line":15,"column":5}},"4":{"start":{"line":14,"column":8},"end":{"line":14,"column":46}},"5":{"start":{"line":17,"column":4},"end":{"line":17,"column":26}},"6":{"start":{"line":19,"column":4},"end":{"line":19,"column":16}},"7":{"start":{"line":22,"column":30},"end":{"line":32,"column":1}},"8":{"start":{"line":24,"column":4},"end":{"line":24,"column":50}},"9":{"start":{"line":27,"column":4},"end":{"line":29,"column":5}},"10":{"start":{"line":28,"column":8},"end":{"line":28,"column":35}},"11":{"start":{"line":31,"column":4},"end":{"line":31,"column":40}},"12":{"start":{"line":34,"column":30},"end":{"line":45,"column":1}},"13":{"start":{"line":36,"column":4},"end":{"line":36,"column":30}},"14":{"start":{"line":38,"column":4},"end":{"line":40,"column":5}},"15":{"start":{"line":39,"column":8},"end":{"line":39,"column":46}},"16":{"start":{"line":42,"column":4},"end":{"line":42,"column":26}},"17":{"start":{"line":44,"column":4},"end":{"line":44,"column":31}},"18":{"start":{"line":47,"column":23},"end":{"line":70,"column":1}},"19":{"start":{"line":49,"column":4},"end":{"line":49,"column":30}},"20":{"start":{"line":51,"column":4},"end":{"line":53,"column":5}},"21":{"start":{"line":52,"column":8},"end":{"line":52,"column":46}},"22":{"start":{"line":55,"column":4},"end":{"line":62,"column":5}},"23":{"start":{"line":57,"column":8},"end":{"line":59,"column":9}},"24":{"start":{"line":58,"column":12},"end":{"line":58,"column":53}},"25":{"start":{"line":61,"column":8},"end":{"line":61,"column":26}},"26":{"start":{"line":65,"column":4},"end":{"line":65,"column":31}},"27":{"start":{"line":67,"column":4},"end":{"line":67,"column":26}},"28":{"start":{"line":69,"column":4},"end":{"line":69,"column":16}},"29":{"start":{"line":72,"column":23},"end":{"line":113,"column":1}},"30":{"start":{"line":75,"column":18},"end":{"line":83,"column":5}},"31":{"start":{"line":85,"column":20},"end":{"line":85,"column":22}},"32":{"start":{"line":87,"column":4},"end":{"line":110,"column":5}},"33":{"start":{"line":89,"column":25},"end":{"line":89,"column":46}},"34":{"start":{"line":90,"column":31},"end":{"line":90,"column":50}},"35":{"start":{"line":91,"column":28},"end":{"line":91,"column":62}},"36":{"start":{"line":93,"column":8},"end":{"line":96,"column":9}},"37":{"start":{"line":94,"column":12},"end":{"line":94,"column":37}},"38":{"start":{"line":95,"column":12},"end":{"line":95,"column":44}},"39":{"start":{"line":98,"column":8},"end":{"line":107,"column":9}},"40":{"start":{"line":100,"column":33},"end":{"line":100,"column":45}},"41":{"start":{"line":102,"column":12},"end":{"line":106,"column":13}},"42":{"start":{"line":103,"column":16},"end":{"line":103,"column":42}},"43":{"start":{"line":104,"column":16},"end":{"line":105,"column":80}},"44":{"start":{"line":109,"column":8},"end":{"line":109,"column":36}},"45":{"start":{"line":112,"column":4},"end":{"line":112,"column":18}},"46":{"start":{"line":116,"column":25},"end":{"line":131,"column":1}},"47":{"start":{"line":118,"column":17},"end":{"line":118,"column":21}},"48":{"start":{"line":120,"column":4},"end":{"line":128,"column":5}},"49":{"start":{"line":122,"column":22},"end":{"line":122,"column":39}},"50":{"start":{"line":124,"column":8},"end":{"line":126,"column":9}},"51":{"start":{"line":125,"column":12},"end":{"line":125,"column":27}},"52":{"start":{"line":130,"column":4},"end":{"line":130,"column":17}},"53":{"start":{"line":133,"column":0},"end":{"line":140,"column":1}}},"fnMap":{"0":{"name":"(anonymous_0)","decl":{"start":{"line":9,"column":20},"end":{"line":9,"column":21}},"loc":{"start":{"line":9,"column":34},"end":{"line":20,"column":1}},"line":9},"1":{"name":"(anonymous_1)","decl":{"start":{"line":22,"column":30},"end":{"line":22,"column":31}},"loc":{"start":{"line":22,"column":44},"end":{"line":32,"column":1}},"line":22},"2":{"name":"(anonymous_2)","decl":{"start":{"line":34,"column":30},"end":{"line":34,"column":31}},"loc":{"start":{"line":34,"column":50},"end":{"line":45,"column":1}},"line":34},"3":{"name":"(anonymous_3)","decl":{"start":{"line":47,"column":23},"end":{"line":47,"column":24}},"loc":{"start":{"line":47,"column":43},"end":{"line":70,"column":1}},"line":47},"4":{"name":"(anonymous_4)","decl":{"start":{"line":72,"column":23},"end":{"line":72,"column":24}},"loc":{"start":{"line":72,"column":41},"end":{"line":113,"column":1}},"line":72},"5":{"name":"(anonymous_5)","decl":{"start":{"line":116,"column":25},"end":{"line":116,"column":26}},"loc":{"start":{"line":116,"column":43},"end":{"line":131,"column":1}},"line":116}},"branchMap":{"0":{"loc":{"start":{"line":13,"column":4},"end":{"line":15,"column":5}},"type":"if","locations":[{"start":{"line":13,"column":4},"end":{"line":15,"column":5}},{"start":{},"end":{}}],"line":13},"1":{"loc":{"start":{"line":27,"column":4},"end":{"line":29,"column":5}},"type":"if","locations":[{"start":{"line":27,"column":4},"end":{"line":29,"column":5}},{"start":{},"end":{}}],"line":27},"2":{"loc":{"start":{"line":38,"column":4},"end":{"line":40,"column":5}},"type":"if","locations":[{"start":{"line":38,"column":4},"end":{"line":40,"column":5}},{"start":{},"end":{}}],"line":38},"3":{"loc":{"start":{"line":51,"column":4},"end":{"line":53,"column":5}},"type":"if","locations":[{"start":{"line":51,"column":4},"end":{"line":53,"column":5}},{"start":{},"end":{}}],"line":51},"4":{"loc":{"start":{"line":57,"column":8},"end":{"line":59,"column":9}},"type":"if","locations":[{"start":{"line":57,"column":8},"end":{"line":59,"column":9}},{"start":{},"end":{}}],"line":57},"5":{"loc":{"start":{"line":93,"column":8},"end":{"line":96,"column":9}},"type":"if","locations":[{"start":{"line":93,"column":8},"end":{"line":96,"column":9}},{"start":{},"end":{}}],"line":93},"6":{"loc":{"start":{"line":93,"column":12},"end":{"line":93,"column":36}},"type":"binary-expr","locations":[{"start":{"line":93,"column":12},"end":{"line":93,"column":20}},{"start":{"line":93,"column":24},"end":{"line":93,"column":36}}],"line":93},"7":{"loc":{"start":{"line":98,"column":8},"end":{"line":107,"column":9}},"type":"if","locations":[{"start":{"line":98,"column":8},"end":{"line":107,"column":9}},{"start":{},"end":{}}],"line":98},"8":{"loc":{"start":{"line":102,"column":12},"end":{"line":106,"column":13}},"type":"if","locations":[{"start":{"line":102,"column":12},"end":{"line":106,"column":13}},{"start":{},"end":{}}],"line":102},"9":{"loc":{"start":{"line":102,"column":16},"end":{"line":102,"column":60}},"type":"binary-expr","locations":[{"start":{"line":102,"column":16},"end":{"line":102,"column":36}},{"start":{"line":102,"column":40},"end":{"line":102,"column":60}}],"line":102},"10":{"loc":{"start":{"line":124,"column":8},"end":{"line":126,"column":9}},"type":"if","locations":[{"start":{"line":124,"column":8},"end":{"line":126,"column":9}},{"start":{},"end":{}}],"line":124}},"s":{"0":3,"1":3,"2":2,"3":2,"4":1,"5":1,"6":1,"7":3,"8":1,"9":1,"10":0,"11":1,"12":3,"13":0,"14":0,"15":0,"16":0,"17":0,"18":3,"19":4,"20":4,"21":1,"22":3,"23":6,"24":1,"25":5,"26":2,"27":2,"28":2,"29":3,"30":3,"31":3,"32":3,"33":21,"34":21,"35":21,"36":21,"37":3,"38":3,"39":21,"40":15,"41":15,"42":4,"43":4,"44":21,"45":3,"46":3,"47":2,"48":2,"49":14,"50":14,"51":3,"52":2,"53":3},"f":{"0":2,"1":1,"2":0,"3":4,"4":3,"5":2},"b":{"0":[1,1],"1":[0,1],"2":[0,0],"3":[1,3],"4":[1,5],"5":[3,18],"6":[21,18],"7":[15,6],"8":[4,11],"9":[15,15],"10":[3,11]},"_coverageSchema":"1a1c01bbd47fc00a2c39e90264f33305004495a9","hash":"678914053622a1cf24a06e8fd3f81d5a255adb37"}
,"/Users/juanrosales/Documents/software-design/api/db/firebase_util.js": {"path":"/Users/juanrosales/Documents/software-design/api/db/firebase_util.js","statementMap":{"0":{"start":{"line":1,"column":12},"end":{"line":1,"column":37}},"1":{"start":{"line":4,"column":21},"end":{"line":4,"column":101}},"2":{"start":{"line":7,"column":0},"end":{"line":11,"column":3}},"3":{"start":{"line":14,"column":9},"end":{"line":14,"column":25}},"4":{"start":{"line":16,"column":0},"end":{"line":18,"column":2}}},"fnMap":{},"branchMap":{},"s":{"0":5,"1":5,"2":5,"3":5,"4":5},"f":{},"b":{},"_coverageSchema":"1a1c01bbd47fc00a2c39e90264f33305004495a9","hash":"16a729c61bc22b9f04225979ab48e0bea1aec1a8"}
,"/Users/juanrosales/Documents/software-design/api/models/UserDB.js": {"path":"/Users/juanrosales/Documents/software-design/api/models/UserDB.js","statementMap":{"0":{"start":{"line":1,"column":15},"end":{"line":1,"column":30}},"1":{"start":{"line":2,"column":15},"end":{"line":2,"column":48}},"2":{"start":{"line":4,"column":17},"end":{"line":10,"column":1}},"3":{"start":{"line":6,"column":20},"end":{"line":6,"column":41}},"4":{"start":{"line":7,"column":21},"end":{"line":7,"column":48}},"5":{"start":{"line":8,"column":18},"end":{"line":8,"column":32}},"6":{"start":{"line":9,"column":4},"end":{"line":9,"column":17}},"7":{"start":{"line":13,"column":27},"end":{"line":18,"column":1}},"8":{"start":{"line":14,"column":20},"end":{"line":14,"column":41}},"9":{"start":{"line":15,"column":21},"end":{"line":15,"column":48}},"10":{"start":{"line":16,"column":17},"end":{"line":16,"column":31}},"11":{"start":{"line":17,"column":4},"end":{"line":17,"column":26}},"12":{"start":{"line":21,"column":16},"end":{"line":38,"column":1}},"13":{"start":{"line":23,"column":20},"end":{"line":23,"column":34}},"14":{"start":{"line":24,"column":21},"end":{"line":24,"column":48}},"15":{"start":{"line":25,"column":18},"end":{"line":25,"column":32}},"16":{"start":{"line":28,"column":4},"end":{"line":28,"column":16}},"17":{"start":{"line":29,"column":4},"end":{"line":35,"column":5}},"18":{"start":{"line":30,"column":8},"end":{"line":34,"column":9}},"19":{"start":{"line":32,"column":12},"end":{"line":32,"column":32}},"20":{"start":{"line":33,"column":12},"end":{"line":33,"column":28}},"21":{"start":{"line":37,"column":4},"end":{"line":37,"column":18}},"22":{"start":{"line":40,"column":19},"end":{"line":61,"column":1}},"23":{"start":{"line":42,"column":20},"end":{"line":42,"column":35}},"24":{"start":{"line":43,"column":21},"end":{"line":43,"column":48}},"25":{"start":{"line":44,"column":18},"end":{"line":44,"column":32}},"26":{"start":{"line":46,"column":17},"end":{"line":54,"column":5}},"27":{"start":{"line":56,"column":21},"end":{"line":56,"column":39}},"28":{"start":{"line":57,"column":4},"end":{"line":57,"column":25}},"29":{"start":{"line":58,"column":17},"end":{"line":58,"column":70}},"30":{"start":{"line":60,"column":4},"end":{"line":60,"column":14}},"31":{"start":{"line":63,"column":23},"end":{"line":90,"column":1}},"32":{"start":{"line":65,"column":20},"end":{"line":65,"column":34}},"33":{"start":{"line":66,"column":21},"end":{"line":66,"column":48}},"34":{"start":{"line":67,"column":18},"end":{"line":67,"column":32}},"35":{"start":{"line":69,"column":4},"end":{"line":69,"column":50}},"36":{"start":{"line":72,"column":21},"end":{"line":72,"column":46}},"37":{"start":{"line":73,"column":4},"end":{"line":77,"column":5}},"38":{"start":{"line":74,"column":8},"end":{"line":76,"column":9}},"39":{"start":{"line":75,"column":12},"end":{"line":75,"column":22}},"40":{"start":{"line":81,"column":14},"end":{"line":81,"column":18}},"41":{"start":{"line":83,"column":21},"end":{"line":83,"column":39}},"42":{"start":{"line":84,"column":4},"end":{"line":84,"column":27}},"43":{"start":{"line":85,"column":4},"end":{"line":85,"column":20}},"44":{"start":{"line":87,"column":4},"end":{"line":87,"column":20}},"45":{"start":{"line":89,"column":4},"end":{"line":89,"column":18}},"46":{"start":{"line":92,"column":19},"end":{"line":95,"column":1}},"47":{"start":{"line":93,"column":4},"end":{"line":93,"column":36}},"48":{"start":{"line":94,"column":4},"end":{"line":94,"column":25}},"49":{"start":{"line":97,"column":19},"end":{"line":99,"column":1}},"50":{"start":{"line":98,"column":4},"end":{"line":98,"column":14}},"51":{"start":{"line":102,"column":0},"end":{"line":110,"column":2}}},"fnMap":{"0":{"name":"(anonymous_0)","decl":{"start":{"line":4,"column":17},"end":{"line":4,"column":18}},"loc":{"start":{"line":4,"column":31},"end":{"line":10,"column":1}},"line":4},"1":{"name":"(anonymous_1)","decl":{"start":{"line":13,"column":27},"end":{"line":13,"column":28}},"loc":{"start":{"line":13,"column":41},"end":{"line":18,"column":1}},"line":13},"2":{"name":"(anonymous_2)","decl":{"start":{"line":21,"column":16},"end":{"line":21,"column":17}},"loc":{"start":{"line":21,"column":36},"end":{"line":38,"column":1}},"line":21},"3":{"name":"(anonymous_3)","decl":{"start":{"line":40,"column":19},"end":{"line":40,"column":20}},"loc":{"start":{"line":40,"column":34},"end":{"line":61,"column":1}},"line":40},"4":{"name":"(anonymous_4)","decl":{"start":{"line":63,"column":23},"end":{"line":63,"column":24}},"loc":{"start":{"line":63,"column":49},"end":{"line":90,"column":1}},"line":63},"5":{"name":"(anonymous_5)","decl":{"start":{"line":92,"column":19},"end":{"line":92,"column":20}},"loc":{"start":{"line":92,"column":33},"end":{"line":95,"column":1}},"line":92},"6":{"name":"(anonymous_6)","decl":{"start":{"line":97,"column":19},"end":{"line":97,"column":20}},"loc":{"start":{"line":97,"column":27},"end":{"line":99,"column":1}},"line":97}},"branchMap":{"0":{"loc":{"start":{"line":30,"column":8},"end":{"line":34,"column":9}},"type":"if","locations":[{"start":{"line":30,"column":8},"end":{"line":34,"column":9}},{"start":{},"end":{}}],"line":30},"1":{"loc":{"start":{"line":74,"column":8},"end":{"line":76,"column":9}},"type":"if","locations":[{"start":{"line":74,"column":8},"end":{"line":76,"column":9}},{"start":{},"end":{}}],"line":74}},"s":{"0":5,"1":5,"2":5,"3":0,"4":0,"5":0,"6":0,"7":5,"8":0,"9":0,"10":0,"11":0,"12":5,"13":0,"14":0,"15":0,"16":0,"17":0,"18":0,"19":0,"20":0,"21":0,"22":5,"23":0,"24":0,"25":0,"26":0,"27":0,"28":0,"29":0,"30":0,"31":5,"32":0,"33":0,"34":0,"35":0,"36":0,"37":0,"38":0,"39":0,"40":0,"41":0,"42":0,"43":0,"44":0,"45":0,"46":5,"47":0,"48":0,"49":5,"50":0,"51":5},"f":{"0":0,"1":0,"2":0,"3":0,"4":0,"5":0,"6":0},"b":{"0":[0,0],"1":[0,0]},"_coverageSchema":"1a1c01bbd47fc00a2c39e90264f33305004495a9","hash":"812deae9c0ebd935550d341ea4b6ba7332474cac"}
,"/Users/juanrosales/Documents/software-design/api/routes/FuelHistoryRouter.js": {"path":"/Users/juanrosales/Documents/software-design/api/routes/FuelHistoryRouter.js","statementMap":{"0":{"start":{"line":2,"column":16},"end":{"line":2,"column":34}},"1":{"start":{"line":3,"column":15},"end":{"line":3,"column":31}},"2":{"start":{"line":4,"column":15},"end":{"line":4,"column":48}},"3":{"start":{"line":5,"column":34},"end":{"line":5,"column":74}},"4":{"start":{"line":7,"column":0},"end":{"line":42,"column":2}},"5":{"start":{"line":9,"column":13},"end":{"line":9,"column":26}},"6":{"start":{"line":11,"column":2},"end":{"line":40,"column":3}},"7":{"start":{"line":13,"column":21},"end":{"line":13,"column":52}},"8":{"start":{"line":15,"column":4},"end":{"line":15,"column":25}},"9":{"start":{"line":18,"column":21},"end":{"line":18,"column":36}},"10":{"start":{"line":19,"column":26},"end":{"line":19,"column":54}},"11":{"start":{"line":20,"column":22},"end":{"line":20,"column":41}},"12":{"start":{"line":22,"column":23},"end":{"line":22,"column":25}},"13":{"start":{"line":26,"column":4},"end":{"line":32,"column":5}},"14":{"start":{"line":28,"column":6},"end":{"line":30,"column":7}},"15":{"start":{"line":29,"column":8},"end":{"line":29,"column":45}},"16":{"start":{"line":34,"column":4},"end":{"line":34,"column":43}},"17":{"start":{"line":36,"column":4},"end":{"line":36,"column":36}},"18":{"start":{"line":39,"column":4},"end":{"line":39,"column":19}},"19":{"start":{"line":45,"column":0},"end":{"line":45,"column":24}}},"fnMap":{"0":{"name":"(anonymous_0)","decl":{"start":{"line":7,"column":19},"end":{"line":7,"column":20}},"loc":{"start":{"line":7,"column":39},"end":{"line":42,"column":1}},"line":7}},"branchMap":{"0":{"loc":{"start":{"line":28,"column":6},"end":{"line":30,"column":7}},"type":"if","locations":[{"start":{"line":28,"column":6},"end":{"line":30,"column":7}},{"start":{},"end":{}}],"line":28}},"s":{"0":1,"1":1,"2":1,"3":1,"4":1,"5":0,"6":0,"7":0,"8":0,"9":0,"10":0,"11":0,"12":0,"13":0,"14":0,"15":0,"16":0,"17":0,"18":0,"19":1},"f":{"0":0},"b":{"0":[0,0]},"_coverageSchema":"1a1c01bbd47fc00a2c39e90264f33305004495a9","hash":"91b8e526ef0f5fcd20fcb42a85cbba204caa22c7"}
,"/Users/juanrosales/Documents/software-design/api/routes/FuelQuoteRouter.js": {"path":"/Users/juanrosales/Documents/software-design/api/routes/FuelQuoteRouter.js","statementMap":{"0":{"start":{"line":1,"column":16},"end":{"line":1,"column":34}},"1":{"start":{"line":2,"column":15},"end":{"line":2,"column":31}},"2":{"start":{"line":3,"column":43},"end":{"line":3,"column":83}},"3":{"start":{"line":7,"column":4},"end":{"line":7,"column":44}},"4":{"start":{"line":9,"column":15},"end":{"line":9,"column":30}},"5":{"start":{"line":11,"column":27},"end":{"line":11,"column":70}},"6":{"start":{"line":12,"column":15},"end":{"line":12,"column":48}},"7":{"start":{"line":14,"column":0},"end":{"line":40,"column":3}},"8":{"start":{"line":17,"column":13},"end":{"line":17,"column":26}},"9":{"start":{"line":20,"column":36},"end":{"line":20,"column":44}},"10":{"start":{"line":22,"column":2},"end":{"line":25,"column":3}},"11":{"start":{"line":23,"column":4},"end":{"line":23,"column":63}},"12":{"start":{"line":24,"column":4},"end":{"line":24,"column":11}},"13":{"start":{"line":28,"column":19},"end":{"line":28,"column":50}},"14":{"start":{"line":30,"column":16},"end":{"line":30,"column":60}},"15":{"start":{"line":32,"column":15},"end":{"line":34,"column":3}},"16":{"start":{"line":36,"column":20},"end":{"line":36,"column":40}},"17":{"start":{"line":38,"column":2},"end":{"line":38,"column":34}},"18":{"start":{"line":43,"column":0},"end":{"line":104,"column":3}},"19":{"start":{"line":49,"column":44},"end":{"line":49,"column":52}},"20":{"start":{"line":52,"column":2},"end":{"line":55,"column":3}},"21":{"start":{"line":53,"column":4},"end":{"line":53,"column":63}},"22":{"start":{"line":54,"column":4},"end":{"line":54,"column":11}},"23":{"start":{"line":57,"column":2},"end":{"line":101,"column":5}},"24":{"start":{"line":58,"column":15},"end":{"line":58,"column":28}},"25":{"start":{"line":59,"column":15},"end":{"line":59,"column":23}},"26":{"start":{"line":62,"column":24},"end":{"line":62,"column":44}},"27":{"start":{"line":64,"column":19},"end":{"line":64,"column":48}},"28":{"start":{"line":66,"column":4},"end":{"line":70,"column":5}},"29":{"start":{"line":68,"column":8},"end":{"line":68,"column":42}},"30":{"start":{"line":69,"column":8},"end":{"line":69,"column":14}},"31":{"start":{"line":72,"column":4},"end":{"line":72,"column":24}},"32":{"start":{"line":75,"column":21},"end":{"line":75,"column":52}},"33":{"start":{"line":77,"column":4},"end":{"line":77,"column":26}},"34":{"start":{"line":79,"column":4},"end":{"line":79,"column":32}},"35":{"start":{"line":82,"column":4},"end":{"line":82,"column":46}},"36":{"start":{"line":86,"column":20},"end":{"line":86,"column":50}},"37":{"start":{"line":88,"column":4},"end":{"line":88,"column":24}},"38":{"start":{"line":90,"column":4},"end":{"line":90,"column":28}},"39":{"start":{"line":92,"column":22},"end":{"line":92,"column":42}},"40":{"start":{"line":93,"column":4},"end":{"line":93,"column":36}},"41":{"start":{"line":96,"column":17},"end":{"line":98,"column":5}},"42":{"start":{"line":99,"column":22},"end":{"line":99,"column":42}},"43":{"start":{"line":100,"column":4},"end":{"line":100,"column":36}},"44":{"start":{"line":107,"column":0},"end":{"line":107,"column":24}}},"fnMap":{"0":{"name":"(anonymous_0)","decl":{"start":{"line":14,"column":30},"end":{"line":14,"column":31}},"loc":{"start":{"line":14,"column":50},"end":{"line":40,"column":1}},"line":14},"1":{"name":"(anonymous_1)","decl":{"start":{"line":43,"column":20},"end":{"line":43,"column":21}},"loc":{"start":{"line":43,"column":40},"end":{"line":104,"column":1}},"line":43}},"branchMap":{"0":{"loc":{"start":{"line":22,"column":2},"end":{"line":25,"column":3}},"type":"if","locations":[{"start":{"line":22,"column":2},"end":{"line":25,"column":3}},{"start":{},"end":{}}],"line":22},"1":{"loc":{"start":{"line":22,"column":6},"end":{"line":22,"column":26}},"type":"binary-expr","locations":[{"start":{"line":22,"column":6},"end":{"line":22,"column":14}},{"start":{"line":22,"column":18},"end":{"line":22,"column":26}}],"line":22},"2":{"loc":{"start":{"line":52,"column":2},"end":{"line":55,"column":3}},"type":"if","locations":[{"start":{"line":52,"column":2},"end":{"line":55,"column":3}},{"start":{},"end":{}}],"line":52},"3":{"loc":{"start":{"line":52,"column":6},"end":{"line":52,"column":45}},"type":"binary-expr","locations":[{"start":{"line":52,"column":6},"end":{"line":52,"column":14}},{"start":{"line":52,"column":18},"end":{"line":52,"column":26}},{"start":{"line":52,"column":30},"end":{"line":52,"column":35}},{"start":{"line":52,"column":39},"end":{"line":52,"column":45}}],"line":52},"4":{"loc":{"start":{"line":66,"column":4},"end":{"line":70,"column":5}},"type":"if","locations":[{"start":{"line":66,"column":4},"end":{"line":70,"column":5}},{"start":{},"end":{}}],"line":66}},"s":{"0":1,"1":1,"2":1,"3":1,"4":1,"5":1,"6":1,"7":1,"8":0,"9":0,"10":0,"11":0,"12":0,"13":0,"14":0,"15":0,"16":0,"17":0,"18":1,"19":0,"20":0,"21":0,"22":0,"23":0,"24":0,"25":0,"26":0,"27":0,"28":0,"29":0,"30":0,"31":0,"32":0,"33":0,"34":0,"35":0,"36":0,"37":0,"38":0,"39":0,"40":0,"41":0,"42":0,"43":0,"44":1},"f":{"0":0,"1":0},"b":{"0":[0,0],"1":[0,0],"2":[0,0],"3":[0,0,0,0],"4":[0,0]},"_coverageSchema":"1a1c01bbd47fc00a2c39e90264f33305004495a9","hash":"d998f2766666e224ac1799afd88b8cba5d8f4a30"}
}
