{"C:\\Users\\sbp_d\\OneDrive\\Documents\\GitHub\\Software-Design-Project\\api\\controllers\\LoginController.js": {"path":"C:\\Users\\sbp_d\\OneDrive\\Documents\\GitHub\\Software-Design-Project\\api\\controllers\\LoginController.js","statementMap":{"0":{"start":{"line":1,"column":18},"end":{"line":1,"column":45}},"1":{"start":{"line":5,"column":15},"end":{"line":5,"column":16}},"2":{"start":{"line":6,"column":4},"end":{"line":10,"column":5}},"3":{"start":{"line":6,"column":17},"end":{"line":6,"column":18}},"4":{"start":{"line":6,"column":26},"end":{"line":6,"column":36}},"5":{"start":{"line":7,"column":18},"end":{"line":7,"column":35}},"6":{"start":{"line":8,"column":8},"end":{"line":8,"column":40}},"7":{"start":{"line":9,"column":8},"end":{"line":9,"column":18}},"8":{"start":{"line":11,"column":4},"end":{"line":11,"column":16}},"9":{"start":{"line":18,"column":26},"end":{"line":33,"column":1}},"10":{"start":{"line":20,"column":17},"end":{"line":20,"column":35}},"11":{"start":{"line":22,"column":4},"end":{"line":22,"column":35}},"12":{"start":{"line":24,"column":4},"end":{"line":26,"column":5}},"13":{"start":{"line":25,"column":8},"end":{"line":25,"column":49}},"14":{"start":{"line":28,"column":4},"end":{"line":30,"column":5}},"15":{"start":{"line":29,"column":8},"end":{"line":29,"column":49}},"16":{"start":{"line":32,"column":4},"end":{"line":32,"column":16}},"17":{"start":{"line":35,"column":0},"end":{"line":38,"column":1}}},"fnMap":{"0":{"name":"hashCode","decl":{"start":{"line":4,"column":9},"end":{"line":4,"column":17}},"loc":{"start":{"line":4,"column":23},"end":{"line":12,"column":1}},"line":4},"1":{"name":"(anonymous_1)","decl":{"start":{"line":18,"column":26},"end":{"line":18,"column":27}},"loc":{"start":{"line":18,"column":56},"end":{"line":33,"column":1}},"line":18}},"branchMap":{"0":{"loc":{"start":{"line":24,"column":4},"end":{"line":26,"column":5}},"type":"if","locations":[{"start":{"line":24,"column":4},"end":{"line":26,"column":5}},{"start":{},"end":{}}],"line":24},"1":{"loc":{"start":{"line":28,"column":4},"end":{"line":30,"column":5}},"type":"if","locations":[{"start":{"line":28,"column":4},"end":{"line":30,"column":5}},{"start":{},"end":{}}],"line":28}},"s":{"0":1,"1":4,"2":4,"3":4,"4":4,"5":36,"6":36,"7":36,"8":4,"9":1,"10":2,"11":2,"12":2,"13":1,"14":1,"15":0,"16":1,"17":1},"f":{"0":4,"1":2},"b":{"0":[1,1],"1":[0,1]},"_coverageSchema":"1a1c01bbd47fc00a2c39e90264f33305004495a9","hash":"d904ad1b324896cccba4e40ea3afbd644271d848"}
,"C:\\Users\\sbp_d\\OneDrive\\Documents\\GitHub\\Software-Design-Project\\api\\db\\firebase_util.js": {"path":"C:\\Users\\sbp_d\\OneDrive\\Documents\\GitHub\\Software-Design-Project\\api\\db\\firebase_util.js","statementMap":{"0":{"start":{"line":1,"column":12},"end":{"line":1,"column":37}},"1":{"start":{"line":4,"column":21},"end":{"line":4,"column":101}},"2":{"start":{"line":7,"column":0},"end":{"line":11,"column":3}},"3":{"start":{"line":14,"column":9},"end":{"line":14,"column":25}},"4":{"start":{"line":16,"column":0},"end":{"line":18,"column":2}}},"fnMap":{},"branchMap":{},"s":{"0":1,"1":1,"2":1,"3":1,"4":1},"f":{},"b":{},"_coverageSchema":"1a1c01bbd47fc00a2c39e90264f33305004495a9","hash":"7d5a72699fd59ce3334ee2d3afa2b850dbfd2a3e"}
,"C:\\Users\\sbp_d\\OneDrive\\Documents\\GitHub\\Software-Design-Project\\api\\models\\UserDB.js": {"path":"C:\\Users\\sbp_d\\OneDrive\\Documents\\GitHub\\Software-Design-Project\\api\\models\\UserDB.js","statementMap":{"0":{"start":{"line":1,"column":15},"end":{"line":1,"column":30}},"1":{"start":{"line":2,"column":15},"end":{"line":2,"column":48}},"2":{"start":{"line":5,"column":17},"end":{"line":11,"column":1}},"3":{"start":{"line":7,"column":20},"end":{"line":7,"column":41}},"4":{"start":{"line":8,"column":21},"end":{"line":8,"column":48}},"5":{"start":{"line":9,"column":18},"end":{"line":9,"column":32}},"6":{"start":{"line":10,"column":4},"end":{"line":10,"column":17}},"7":{"start":{"line":14,"column":16},"end":{"line":31,"column":1}},"8":{"start":{"line":16,"column":20},"end":{"line":16,"column":34}},"9":{"start":{"line":17,"column":21},"end":{"line":17,"column":48}},"10":{"start":{"line":18,"column":18},"end":{"line":18,"column":32}},"11":{"start":{"line":21,"column":4},"end":{"line":21,"column":16}},"12":{"start":{"line":22,"column":4},"end":{"line":28,"column":5}},"13":{"start":{"line":23,"column":8},"end":{"line":27,"column":9}},"14":{"start":{"line":25,"column":12},"end":{"line":25,"column":32}},"15":{"start":{"line":26,"column":12},"end":{"line":26,"column":28}},"16":{"start":{"line":30,"column":4},"end":{"line":30,"column":18}},"17":{"start":{"line":33,"column":19},"end":{"line":54,"column":1}},"18":{"start":{"line":35,"column":20},"end":{"line":35,"column":35}},"19":{"start":{"line":36,"column":21},"end":{"line":36,"column":48}},"20":{"start":{"line":37,"column":18},"end":{"line":37,"column":32}},"21":{"start":{"line":39,"column":17},"end":{"line":47,"column":5}},"22":{"start":{"line":49,"column":21},"end":{"line":49,"column":39}},"23":{"start":{"line":50,"column":4},"end":{"line":50,"column":25}},"24":{"start":{"line":51,"column":17},"end":{"line":51,"column":70}},"25":{"start":{"line":53,"column":4},"end":{"line":53,"column":14}},"26":{"start":{"line":56,"column":23},"end":{"line":83,"column":1}},"27":{"start":{"line":58,"column":20},"end":{"line":58,"column":34}},"28":{"start":{"line":59,"column":21},"end":{"line":59,"column":48}},"29":{"start":{"line":60,"column":18},"end":{"line":60,"column":32}},"30":{"start":{"line":62,"column":4},"end":{"line":62,"column":50}},"31":{"start":{"line":65,"column":21},"end":{"line":65,"column":46}},"32":{"start":{"line":66,"column":4},"end":{"line":70,"column":5}},"33":{"start":{"line":67,"column":8},"end":{"line":69,"column":9}},"34":{"start":{"line":68,"column":12},"end":{"line":68,"column":22}},"35":{"start":{"line":74,"column":14},"end":{"line":74,"column":18}},"36":{"start":{"line":76,"column":21},"end":{"line":76,"column":39}},"37":{"start":{"line":77,"column":4},"end":{"line":77,"column":27}},"38":{"start":{"line":78,"column":4},"end":{"line":78,"column":20}},"39":{"start":{"line":80,"column":4},"end":{"line":80,"column":20}},"40":{"start":{"line":82,"column":4},"end":{"line":82,"column":18}},"41":{"start":{"line":85,"column":19},"end":{"line":88,"column":1}},"42":{"start":{"line":86,"column":4},"end":{"line":86,"column":36}},"43":{"start":{"line":87,"column":4},"end":{"line":87,"column":25}},"44":{"start":{"line":90,"column":19},"end":{"line":92,"column":1}},"45":{"start":{"line":91,"column":4},"end":{"line":91,"column":14}},"46":{"start":{"line":95,"column":0},"end":{"line":102,"column":2}}},"fnMap":{"0":{"name":"(anonymous_0)","decl":{"start":{"line":5,"column":17},"end":{"line":5,"column":18}},"loc":{"start":{"line":5,"column":31},"end":{"line":11,"column":1}},"line":5},"1":{"name":"(anonymous_1)","decl":{"start":{"line":14,"column":16},"end":{"line":14,"column":17}},"loc":{"start":{"line":14,"column":36},"end":{"line":31,"column":1}},"line":14},"2":{"name":"(anonymous_2)","decl":{"start":{"line":33,"column":19},"end":{"line":33,"column":20}},"loc":{"start":{"line":33,"column":34},"end":{"line":54,"column":1}},"line":33},"3":{"name":"(anonymous_3)","decl":{"start":{"line":56,"column":23},"end":{"line":56,"column":24}},"loc":{"start":{"line":56,"column":49},"end":{"line":83,"column":1}},"line":56},"4":{"name":"(anonymous_4)","decl":{"start":{"line":85,"column":19},"end":{"line":85,"column":20}},"loc":{"start":{"line":85,"column":33},"end":{"line":88,"column":1}},"line":85},"5":{"name":"(anonymous_5)","decl":{"start":{"line":90,"column":19},"end":{"line":90,"column":20}},"loc":{"start":{"line":90,"column":27},"end":{"line":92,"column":1}},"line":90}},"branchMap":{"0":{"loc":{"start":{"line":23,"column":8},"end":{"line":27,"column":9}},"type":"if","locations":[{"start":{"line":23,"column":8},"end":{"line":27,"column":9}},{"start":{},"end":{}}],"line":23},"1":{"loc":{"start":{"line":67,"column":8},"end":{"line":69,"column":9}},"type":"if","locations":[{"start":{"line":67,"column":8},"end":{"line":69,"column":9}},{"start":{},"end":{}}],"line":67}},"s":{"0":1,"1":1,"2":1,"3":0,"4":0,"5":0,"6":0,"7":1,"8":0,"9":0,"10":0,"11":0,"12":0,"13":0,"14":0,"15":0,"16":0,"17":1,"18":0,"19":0,"20":0,"21":0,"22":0,"23":0,"24":0,"25":0,"26":1,"27":0,"28":0,"29":0,"30":0,"31":0,"32":0,"33":0,"34":0,"35":0,"36":0,"37":0,"38":0,"39":0,"40":0,"41":1,"42":0,"43":0,"44":1,"45":0,"46":1},"f":{"0":0,"1":0,"2":0,"3":0,"4":0,"5":0},"b":{"0":[0,0],"1":[0,0]},"_coverageSchema":"1a1c01bbd47fc00a2c39e90264f33305004495a9","hash":"613311fd68fbce00e70665a65dbb787607a34c2c"}
}
