TN:
SF:controllers/LoginController.js
FN:4,hashCode
FN:14,(anonymous_1)
FN:17,(anonymous_2)
FNF:3
FNH:2
FNDA:0,hashCode
FNDA:3,(anonymous_1)
FNDA:5,(anonymous_2)
DA:2,1
DA:5,0
DA:6,0
DA:7,0
DA:8,0
DA:9,0
DA:11,0
DA:14,1
DA:16,3
DA:17,5
DA:19,3
DA:20,1
DA:23,2
DA:25,2
DA:26,1
DA:29,1
DA:32,1
LF:17
LH:11
BRDA:19,0,0,1
BRDA:19,0,1,2
BRDA:25,1,0,1
BRDA:25,1,1,1
BRF:4
BRH:4
end_of_record
TN:
SF:controllers/RegistrationController.js
FN:4,hashCode
FN:14,(anonymous_1)
FN:17,(anonymous_2)
FNF:3
FNH:2
FNDA:0,hashCode
FNDA:3,(anonymous_1)
FNDA:5,(anonymous_2)
DA:2,1
DA:5,0
DA:6,0
DA:7,0
DA:8,0
DA:9,0
DA:11,0
DA:14,1
DA:16,3
DA:17,5
DA:19,3
DA:20,1
DA:23,2
DA:25,2
DA:26,1
DA:29,1
DA:32,1
LF:17
LH:11
BRDA:19,0,0,1
BRDA:19,0,1,2
BRDA:25,1,0,1
BRDA:25,1,1,1
BRF:4
BRH:4
end_of_record
TN:
SF:controllers/UserController.js
FN:5,(anonymous_0)
FN:7,(anonymous_1)
FN:17,(anonymous_2)
FN:20,(anonymous_3)
FN:40,(anonymous_4)
FN:84,(anonymous_5)
FNF:6
FNH:6
FNDA:2,(anonymous_0)
FNDA:4,(anonymous_1)
FNDA:4,(anonymous_2)
FNDA:6,(anonymous_3)
FNDA:3,(anonymous_4)
FNDA:2,(anonymous_5)
DA:2,1
DA:5,1
DA:6,2
DA:7,4
DA:9,2
DA:10,1
DA:13,1
DA:17,1
DA:19,4
DA:20,6
DA:22,4
DA:23,1
DA:26,3
DA:28,3
DA:30,6
DA:31,1
DA:34,5
DA:37,2
DA:40,1
DA:43,3
DA:53,3
DA:55,3
DA:57,21
DA:58,21
DA:59,21
DA:61,21
DA:62,3
DA:63,3
DA:66,21
DA:68,15
DA:70,15
DA:71,4
DA:72,4
DA:77,21
DA:80,3
DA:84,1
DA:86,2
DA:88,2
DA:90,14
DA:92,14
DA:93,3
DA:98,2
DA:101,1
LF:43
LH:43
BRDA:9,0,0,1
BRDA:9,0,1,1
BRDA:22,1,0,1
BRDA:22,1,1,3
BRDA:30,2,0,1
BRDA:30,2,1,5
BRDA:61,3,0,3
BRDA:61,3,1,18
BRDA:61,4,0,21
BRDA:61,4,1,18
BRDA:66,5,0,15
BRDA:66,5,1,6
BRDA:70,6,0,4
BRDA:70,6,1,11
BRDA:70,7,0,15
BRDA:70,7,1,15
BRDA:92,8,0,3
BRDA:92,8,1,11
BRF:18
BRH:18
end_of_record
TN:
SF:models/UserDB.js
FN:5,(anonymous_0)
FN:60,(anonymous_1)
FN:78,(anonymous_2)
FN:83,(anonymous_3)
FN:88,(anonymous_4)
FNF:5
FNH:0
FNDA:0,(anonymous_0)
FNDA:0,(anonymous_1)
FNDA:0,(anonymous_2)
FNDA:0,(anonymous_3)
FNDA:0,(anonymous_4)
DA:5,3
DA:6,0
DA:60,3
DA:61,0
DA:78,3
DA:79,0
DA:83,3
DA:84,0
DA:88,3
DA:89,0
DA:93,3
LF:11
LH:6
BRF:0
BRH:0
end_of_record
