TN:
SF:controllers\LoginController.js
FN:4,hashCode
FN:18,(anonymous_1)
FNF:2
FNH:2
FNDA:4,hashCode
FNDA:2,(anonymous_1)
DA:1,1
DA:5,4
DA:6,4
DA:7,36
DA:8,36
DA:9,36
DA:11,4
DA:18,1
DA:20,2
DA:22,2
DA:24,2
DA:25,1
DA:28,1
DA:29,0
DA:32,1
DA:35,1
LF:16
LH:15
BRDA:24,0,0,1
BRDA:24,0,1,1
BRDA:28,1,0,0
BRDA:28,1,1,1
BRF:4
BRH:3
end_of_record
TN:
SF:db\firebase_util.js
FNF:0
FNH:0
DA:1,1
DA:4,1
DA:7,1
DA:14,1
DA:16,1
LF:5
LH:5
BRF:0
BRH:0
end_of_record
TN:
SF:models\UserDB.js
FN:5,(anonymous_0)
FN:14,(anonymous_1)
FN:33,(anonymous_2)
FN:56,(anonymous_3)
FN:85,(anonymous_4)
FN:90,(anonymous_5)
FNF:6
FNH:0
FNDA:0,(anonymous_0)
FNDA:0,(anonymous_1)
FNDA:0,(anonymous_2)
FNDA:0,(anonymous_3)
FNDA:0,(anonymous_4)
FNDA:0,(anonymous_5)
DA:1,1
DA:2,1
DA:5,1
DA:7,0
DA:8,0
DA:9,0
DA:10,0
DA:14,1
DA:16,0
DA:17,0
DA:18,0
DA:21,0
DA:22,0
DA:23,0
DA:25,0
DA:26,0
DA:30,0
DA:33,1
DA:35,0
DA:36,0
DA:37,0
DA:39,0
DA:49,0
DA:50,0
DA:51,0
DA:53,0
DA:56,1
DA:58,0
DA:59,0
DA:60,0
DA:62,0
DA:65,0
DA:66,0
DA:67,0
DA:68,0
DA:74,0
DA:76,0
DA:77,0
DA:78,0
DA:80,0
DA:82,0
DA:85,1
DA:86,0
DA:87,0
DA:90,1
DA:91,0
DA:95,1
LF:47
LH:9
BRDA:23,0,0,0
BRDA:23,0,1,0
BRDA:67,1,0,0
BRDA:67,1,1,0
BRF:4
BRH:0
end_of_record
